patching file Documentation/devicetree/bindings/gpio/gpio-phytium.txt
patching file arch/arm64/Kconfig.platforms
patching file arch/arm64/boot/dts/Makefile
patching file arch/arm64/boot/dts/phytium/Makefile
patching file arch/arm64/boot/dts/phytium/ft1500a-16c-generic-psci-soc.dtsi
patching file arch/arm64/boot/dts/phytium/ft1500a-devboard-16c-dsk.dts
patching file arch/arm64/boot/dts/phytium/ft2000ahk-devboard-dsk.dts
patching file arch/arm64/boot/dts/phytium/ft2000ahk-generic-spintable-soc.dtsi
patching file arch/arm64/boot/dts/phytium/ft2000plus-MR-devboard-64c-dsk.dts
patching file arch/arm64/boot/dts/phytium/ft2000plus-MR-psci-soc.dtsi
patching file arch/arm64/boot/dts/phytium/ft2000plus-SR-devboard-64c-dsk.dts
patching file arch/arm64/boot/dts/phytium/ft2000plus-SR-psci-soc.dtsi
patching file arch/arm64/boot/dts/phytium/ft2004-devboard-d4-dsk.dts
patching file arch/arm64/boot/dts/phytium/ft2004-generic-psci-soc.dtsi
patching file arch/arm64/configs/defconfig
patching file drivers/acpi/acpi_apd.c
patching file drivers/gpio/Kconfig
patching file drivers/gpio/Makefile
patching file drivers/gpio/gpio-phytium.c
patching file drivers/i2c/busses/i2c-designware-platdrv.c
patching file drivers/irqchip/Kconfig
patching file drivers/irqchip/Makefile
patching file drivers/irqchip/irq-gic-phytium-2500-its.c
patching file drivers/irqchip/irq-gic-phytium-2500.c
patching file drivers/mmc/host/Kconfig
patching file drivers/mmc/host/Makefile
patching file drivers/mmc/host/phytium-sdci.c
patching file drivers/mmc/host/phytium-sdci.h
patching file drivers/mtd/spi-nor/Kconfig
patching file drivers/mtd/spi-nor/Makefile
patching file drivers/mtd/spi-nor/phytium-quadspi.c
patching file drivers/mtd/spi-nor/spi-nor.c
patching file drivers/net/can/Kconfig
patching file drivers/net/can/Makefile
patching file drivers/net/can/phytium-can.c
patching file drivers/net/ethernet/stmicro/stmmac/dwmac-generic.c
patching file drivers/net/ethernet/stmicro/stmmac/stmmac_main.c
patching file drivers/net/ethernet/stmicro/stmmac/stmmac_platform.c
patching file drivers/net/ethernet/stmicro/stmmac/stmmac_platform.h
patching file drivers/rtc/Kconfig
patching file drivers/rtc/Makefile
patching file drivers/rtc/rtc-phytium.c
patching file drivers/spi/Kconfig
patching file drivers/spi/Makefile
patching file drivers/spi/spi-phytium.c
patching file include/acpi/actbl2.h
patching file include/linux/irqchip/arm-gic-phytium-2500.h
patching file include/linux/memblock.h
patching file mm/memblock.c
patching file mm/sparse.c
patching file sound/hda/hdac_stream.c
patching file sound/pci/hda/Kconfig
patching file sound/pci/hda/Makefile
patching file sound/pci/hda/hda_controller.c
patching file sound/pci/hda/hda_intel.c
patching file sound/pci/hda/hda_phytium.c
patching file sound/pci/hda/hda_phytium.h
